{"ts":1777018029320,"action":"PROJECT_OPENED","tags":{"PROJECT_NAME":"laravel-ares"}}
{"ts":1777018032010,"action":"IDE_DEACTIVATED"}
{"ts":1777018032185,"action":"IDE_ACTIVATED"}
{"ts":1777018034155,"action":"FILE_OPENED","file":"/README.md","tags":{"FILE_LINE_OF_CODE":"3"}}
{"ts":1777018039572,"action":"IDE_DEACTIVATED"}
{"ts":1777018044489,"action":"IDE_ACTIVATED"}
{"ts":1777018044830,"action":"IDE_DEACTIVATED"}
{"ts":1777018048478,"action":"IDE_ACTIVATED"}
{"ts":1777018055159,"action":"FILE_CLOSED","file":"/README.md","tags":{"FILE_LINE_OF_CODE":"3"}}
{"ts":1777018055159,"action":"FILE_OPENED","file":"/composer.json","tags":{"FILE_LINE_OF_CODE":"0"}}
{"ts":1777018055597,"action":"IDE_DEACTIVATED"}
{"ts":1777018056271,"action":"IDE_ACTIVATED"}
{"ts":1777018057784,"action":"IDE_DEACTIVATED"}
{"ts":1777018059693,"action":"IDE_ACTIVATED"}
{"ts":1777018062595,"action":"IDE_DEACTIVATED"}
{"ts":1777018063341,"action":"IDE_ACTIVATED"}
{"ts":1777018064035,"action":"IDE_DEACTIVATED"}
{"ts":1777018066682,"action":"IDE_ACTIVATED"}
{"ts":1777018072099,"action":"IDE_DEACTIVATED"}
{"ts":1777018075130,"action":"IDE_ACTIVATED"}
{"ts":1777018087547,"action":"FILE_CLOSED","file":"/composer.json","tags":{"FILE_LINE_OF_CODE":"34"}}
{"ts":1777018087547,"action":"FILE_OPENED","file":"/src/AresServiceProvider.php","tags":{"FILE_LINE_OF_CODE":"0"}}
{"ts":1777018089595,"action":"IDE_DEACTIVATED"}
{"ts":1777018091194,"action":"IDE_ACTIVATED"}
{"ts":1777018103743,"action":"FILE_CLOSED","file":"/src/Provider/AresServiceProvider.php","tags":{"FILE_LINE_OF_CODE":"0"}}
{"ts":1777018103743,"action":"FILE_OPENED","file":"/composer.json","tags":{"FILE_LINE_OF_CODE":"34"}}
{"ts":1777018108811,"action":"IDE_DEACTIVATED"}
{"ts":1777018112010,"action":"IDE_ACTIVATED"}
{"ts":1777018112973,"action":"FILE_CLOSED","file":"/composer.json","tags":{"FILE_LINE_OF_CODE":"34"}}
{"ts":1777018112973,"action":"FILE_OPENED","file":"/src/Provider/AresServiceProvider.php","tags":{"FILE_LINE_OF_CODE":"0"}}
{"ts":1777018133981,"action":"FILE_CLOSED","file":"/src/Provider/AresServiceProvider.php","tags":{"FILE_LINE_OF_CODE":"44"}}
{"ts":1777018133981,"action":"FILE_OPENED","file":"/composer.json","tags":{"FILE_LINE_OF_CODE":"34"}}
{"ts":1777018230070,"action":"IDE_DEACTIVATED"}
{"ts":1777018234449,"action":"IDE_ACTIVATED"}
{"ts":1777018238691,"action":"IDE_DEACTIVATED"}
{"ts":1777018277380,"action":"IDE_ACTIVATED"}
{"ts":1777018313501,"action":"IDE_DEACTIVATED"}
{"ts":1777018316719,"action":"IDE_ACTIVATED"}
{"ts":1777018321911,"action":"IDE_DEACTIVATED"}
{"ts":1777018324995,"action":"IDE_ACTIVATED"}
{"ts":1777018326792,"action":"FILE_CLOSED","file":"/composer.json","tags":{"FILE_LINE_OF_CODE":"41"}}
{"ts":1777018326792,"action":"FILE_OPENED","file":"/src/config/ares.php","tags":{"FILE_LINE_OF_CODE":"0"}}
{"ts":1777018327278,"action":"IDE_DEACTIVATED"}
{"ts":1777018327283,"action":"IDE_ACTIVATED"}
{"ts":1777018332045,"action":"IDE_DEACTIVATED"}
{"ts":1777018332654,"action":"IDE_ACTIVATED"}
{"ts":1777018333695,"action":"IDE_DEACTIVATED"}
{"ts":1777018353049,"action":"IDE_ACTIVATED"}
{"ts":1777018354886,"action":"FILE_CLOSED","file":"/src/config/ares.php","tags":{"FILE_LINE_OF_CODE":"11"}}
{"ts":1777018354886,"action":"FILE_OPENED","file":"/src/Provider/AresServiceProvider.php","tags":{"FILE_LINE_OF_CODE":"44"}}
{"ts":1777018373610,"action":"IDE_DEACTIVATED"}
{"ts":1777018398175,"action":"IDE_ACTIVATED"}
{"ts":1777018402045,"action":"IDE_DEACTIVATED"}
{"ts":1777018468113,"action":"IDE_ACTIVATED"}
{"ts":1777018493116,"action":"FILE_CLOSED","file":"/src/Provider/AresServiceProvider.php","tags":{"FILE_LINE_OF_CODE":"42"}}
{"ts":1777018493116,"action":"FILE_OPENED","file":"/vendor/fakerphp/faker/src/Faker/Factory.php","tags":{"FILE_LINE_OF_CODE":"72"}}
{"ts":1777018510219,"action":"FILE_CLOSED","file":"/vendor/fakerphp/faker/src/Faker/Factory.php","tags":{"FILE_LINE_OF_CODE":"72"}}
{"ts":1777018510219,"action":"FILE_OPENED","file":"/src/Providers/AresServiceProvider.php","tags":{"FILE_LINE_OF_CODE":"42"}}
{"ts":1777018528844,"action":"IDE_DEACTIVATED"}
{"ts":1777018537441,"action":"IDE_ACTIVATED"}
{"ts":1777018544284,"action":"IDE_DEACTIVATED"}
{"ts":1777018547850,"action":"IDE_ACTIVATED"}
{"ts":1777018575642,"action":"IDE_DEACTIVATED"}
{"ts":1777018577349,"action":"IDE_ACTIVATED"}
{"ts":1777018580554,"action":"FILE_CLOSED","file":"/src/Providers/AresServiceProvider.php","tags":{"FILE_LINE_OF_CODE":"53"}}
{"ts":1777018580554,"action":"FILE_OPENED","file":"/src/Data/CompanyData.php","tags":{"FILE_LINE_OF_CODE":"0"}}
{"ts":1777018581057,"action":"IDE_DEACTIVATED"}
{"ts":1777018581843,"action":"IDE_ACTIVATED"}
{"ts":1777018583075,"action":"IDE_DEACTIVATED"}
{"ts":1777018584377,"action":"IDE_ACTIVATED"}
{"ts":1777018585475,"action":"IDE_DEACTIVATED"}
{"ts":1777018590399,"action":"IDE_ACTIVATED"}
{"ts":1777018593800,"action":"FILE_CLOSED","file":"/src/Data/CompanyData.php","tags":{"FILE_LINE_OF_CODE":"33"}}
{"ts":1777018593801,"action":"FILE_OPENED","file":"/src/Services/AresClient.php","tags":{"FILE_LINE_OF_CODE":"0"}}
{"ts":1777018594502,"action":"IDE_DEACTIVATED"}
{"ts":1777018595187,"action":"IDE_ACTIVATED"}
{"ts":1777018595942,"action":"IDE_DEACTIVATED"}
{"ts":1777018597489,"action":"IDE_ACTIVATED"}
{"ts":1777018598855,"action":"IDE_DEACTIVATED"}
{"ts":1777018603497,"action":"IDE_ACTIVATED"}
{"ts":1777018607693,"action":"FILE_CLOSED","file":"/src/Services/AresClient.php","tags":{"FILE_LINE_OF_CODE":"101"}}
{"ts":1777018607693,"action":"FILE_OPENED","file":"/src/Events/CompanyLookupSucceeded.php","tags":{"FILE_LINE_OF_CODE":"0"}}
{"ts":1777018608467,"action":"IDE_DEACTIVATED"}
{"ts":1777018609274,"action":"IDE_ACTIVATED"}
{"ts":1777018609915,"action":"IDE_DEACTIVATED"}
{"ts":1777018611296,"action":"IDE_ACTIVATED"}
{"ts":1777018613568,"action":"IDE_DEACTIVATED"}
{"ts":1777018617224,"action":"IDE_ACTIVATED"}
{"ts":1777018621609,"action":"FILE_CLOSED","file":"/src/Events/CompanyLookupSucceeded.php","tags":{"FILE_LINE_OF_CODE":"12"}}
{"ts":1777018621609,"action":"FILE_OPENED","file":"/src/Events/CompanyLookupFailed.php","tags":{"FILE_LINE_OF_CODE":"0"}}
{"ts":1777018624343,"action":"IDE_DEACTIVATED"}
{"ts":1777018626174,"action":"IDE_ACTIVATED"}
{"ts":1777018627715,"action":"IDE_DEACTIVATED"}
{"ts":1777018631477,"action":"IDE_ACTIVATED"}
{"ts":1777018635080,"action":"FILE_CLOSED","file":"/src/Events/CompanyLookupFailed.php","tags":{"FILE_LINE_OF_CODE":"16"}}
{"ts":1777018635080,"action":"FILE_OPENED","file":"/src/Facades/Ares.php","tags":{"FILE_LINE_OF_CODE":"0"}}
{"ts":1777018637769,"action":"IDE_DEACTIVATED"}
{"ts":1777018639204,"action":"IDE_ACTIVATED"}
{"ts":1777018639484,"action":"IDE_DEACTIVATED"}
{"ts":1777018640805,"action":"IDE_ACTIVATED"}
{"ts":1777018644186,"action":"IDE_DEACTIVATED"}
{"ts":1777018644855,"action":"IDE_ACTIVATED"}
{"ts":1777018649634,"action":"FILE_CLOSED","file":"/src/Facades/Ares.php","tags":{"FILE_LINE_OF_CODE":"20"}}
{"ts":1777018649634,"action":"FILE_OPENED","file":"/src/Events/CompanyLookupFailed.php","tags":{"FILE_LINE_OF_CODE":"16"}}
{"ts":1777018651060,"action":"FILE_CLOSED","file":"/src/Events/CompanyLookupFailed.php","tags":{"FILE_LINE_OF_CODE":"16"}}
{"ts":1777018651060,"action":"FILE_OPENED","file":"/src/Events/CompanyLookupSucceeded.php","tags":{"FILE_LINE_OF_CODE":"12"}}
{"ts":1777018654780,"action":"FILE_CLOSED","file":"/src/Events/CompanyLookupSucceeded.php","tags":{"FILE_LINE_OF_CODE":"12"}}
{"ts":1777018654780,"action":"FILE_OPENED","file":"/composer.json","tags":{"FILE_LINE_OF_CODE":"41"}}
{"ts":1777018662227,"action":"FILE_CLOSED","file":"/composer.json","tags":{"FILE_LINE_OF_CODE":"41"}}
{"ts":1777018662227,"action":"FILE_OPENED","file":"/src/Providers/AresServiceProvider.php","tags":{"FILE_LINE_OF_CODE":"53"}}
{"ts":1777018675160,"action":"FILE_CLOSED","file":"/src/Providers/AresServiceProvider.php","tags":{"FILE_LINE_OF_CODE":"53"}}
{"ts":1777018675160,"action":"FILE_OPENED","file":"/src/Data/CompanyData.php","tags":{"FILE_LINE_OF_CODE":"33"}}
{"ts":1777018677271,"action":"FILE_CLOSED","file":"/src/Data/CompanyData.php","tags":{"FILE_LINE_OF_CODE":"33"}}
{"ts":1777018677271,"action":"FILE_OPENED","file":"/src/Events/CompanyLookupFailed.php","tags":{"FILE_LINE_OF_CODE":"16"}}
{"ts":1777018678077,"action":"FILE_CLOSED","file":"/src/Events/CompanyLookupFailed.php","tags":{"FILE_LINE_OF_CODE":"16"}}
{"ts":1777018678077,"action":"FILE_OPENED","file":"/src/Events/CompanyLookupSucceeded.php","tags":{"FILE_LINE_OF_CODE":"12"}}
{"ts":1777018678813,"action":"IDE_DEACTIVATED"}
{"ts":1777018689917,"action":"IDE_ACTIVATED"}
{"ts":1777018695169,"action":"FILE_CLOSED","file":"/src/Events/CompanyLookupSucceeded.php","tags":{"FILE_LINE_OF_CODE":"12"}}
{"ts":1777018695169,"action":"FILE_OPENED","file":"/src/Commands/TestAresCommand.php","tags":{"FILE_LINE_OF_CODE":"0"}}
{"ts":1777018695743,"action":"IDE_DEACTIVATED"}
{"ts":1777018696614,"action":"IDE_ACTIVATED"}
{"ts":1777018697630,"action":"IDE_DEACTIVATED"}
{"ts":1777018701656,"action":"IDE_ACTIVATED"}
{"ts":1777018703356,"action":"IDE_DEACTIVATED"}
{"ts":1777018711636,"action":"IDE_ACTIVATED"}
{"ts":1777018715930,"action":"FILE_CLOSED","file":"/src/Commands/TestAresCommand.php","tags":{"FILE_LINE_OF_CODE":"38"}}
{"ts":1777018715930,"action":"FILE_OPENED","file":"/resources/lang/cs/ares.php  ","tags":{"FILE_LINE_OF_CODE":"0"}}
{"ts":1777018717197,"action":"IDE_DEACTIVATED"}
{"ts":1777018718847,"action":"IDE_ACTIVATED"}
{"ts":1777018719253,"action":"FILE_OPENED","file":"/src/Commands/TestAresCommand.php","tags":{"FILE_LINE_OF_CODE":"38"}}
{"ts":1777018725076,"action":"FILE_CLOSED","file":"/src/Commands/TestAresCommand.php","tags":{"FILE_LINE_OF_CODE":"46"}}
{"ts":1777018725076,"action":"FILE_OPENED","file":"/resources/lang/cs/ares.php","tags":{"FILE_LINE_OF_CODE":"0"}}
{"ts":1777018726256,"action":"IDE_DEACTIVATED"}
{"ts":1777018728892,"action":"IDE_ACTIVATED"}
{"ts":1777018731951,"action":"FILE_CLOSED","file":"/resources/lang/cs/ares.php","tags":{"FILE_LINE_OF_CODE":"9"}}
{"ts":1777018731951,"action":"FILE_OPENED","file":"/resources/lang/en/ares.php  ","tags":{"FILE_LINE_OF_CODE":"0"}}
{"ts":1777018732580,"action":"IDE_DEACTIVATED"}
{"ts":1777018734048,"action":"IDE_ACTIVATED"}
{"ts":1777018734426,"action":"FILE_OPENED","file":"/resources/lang/cs/ares.php","tags":{"FILE_LINE_OF_CODE":"9"}}
{"ts":1777018736787,"action":"IDE_DEACTIVATED"}
{"ts":1777018743456,"action":"IDE_ACTIVATED"}
{"ts":1777018746932,"action":"FILE_CLOSED","file":"/resources/lang/cs/ares.php","tags":{"FILE_LINE_OF_CODE":"9"}}
{"ts":1777018746932,"action":"FILE_OPENED","file":"/example/blade-usage.blade.php ","tags":{"FILE_LINE_OF_CODE":"0"}}
{"ts":1777018747587,"action":"IDE_DEACTIVATED"}
{"ts":1777018749041,"action":"IDE_ACTIVATED"}
{"ts":1777018749485,"action":"FILE_OPENED","file":"/resources/lang/cs/ares.php","tags":{"FILE_LINE_OF_CODE":"41"}}
{"ts":1777018752139,"action":"IDE_DEACTIVATED"}
{"ts":1777018756329,"action":"IDE_ACTIVATED"}
{"ts":1777018759544,"action":"FILE_CLOSED","file":"/resources/lang/cs/ares.php","tags":{"FILE_LINE_OF_CODE":"33"}}
{"ts":1777018759544,"action":"FILE_OPENED","file":"/example/example/livewire-usage.php ","tags":{"FILE_LINE_OF_CODE":"0"}}
{"ts":1777018760352,"action":"IDE_DEACTIVATED"}
{"ts":1777018761965,"action":"IDE_ACTIVATED"}
{"ts":1777018762428,"action":"FILE_OPENED","file":"/resources/lang/cs/ares.php","tags":{"FILE_LINE_OF_CODE":"33"}}
{"ts":1777018765012,"action":"FILE_CLOSED","file":"/resources/lang/cs/ares.php","tags":{"FILE_LINE_OF_CODE":"33"}}
{"ts":1777018765012,"action":"FILE_OPENED","file":"/example/blade-usage.blade.php","tags":{"FILE_LINE_OF_CODE":"0"}}
{"ts":1777018767029,"action":"FILE_CLOSED","file":"/example/blade-usage.blade.php","tags":{"FILE_LINE_OF_CODE":"0"}}
{"ts":1777018767029,"action":"FILE_OPENED","file":"/example/example/livewire-usage.php","tags":{"FILE_LINE_OF_CODE":"0"}}
{"ts":1777018774372,"action":"FILE_CLOSED","file":"/example/livewire-usage.php","tags":{"FILE_LINE_OF_CODE":"41"}}
{"ts":1777018774372,"action":"FILE_OPENED","file":"/example/blade-usage.blade.php","tags":{"FILE_LINE_OF_CODE":"0"}}
{"ts":1777018777450,"action":"IDE_DEACTIVATED"}
{"ts":1777018783268,"action":"IDE_ACTIVATED"}
{"ts":1777018788882,"action":"IDE_DEACTIVATED"}
{"ts":1777018885223,"action":"IDE_ACTIVATED"}
{"ts":1777018887078,"action":"FILE_CLOSED","file":"/example/blade-usage.blade.php","tags":{"FILE_LINE_OF_CODE":"33"}}
{"ts":1777018887078,"action":"FILE_OPENED","file":"/resources/lang/en/ares.php","tags":{"FILE_LINE_OF_CODE":"0"}}
{"ts":1777018892017,"action":"FILE_CLOSED","file":"/resources/lang/en/ares.php","tags":{"FILE_LINE_OF_CODE":"0"}}
{"ts":1777018892017,"action":"FILE_OPENED","file":"/src/Providers/AresServiceProvider.php","tags":{"FILE_LINE_OF_CODE":"53"}}
{"ts":1777018895811,"action":"IDE_DEACTIVATED"}
{"ts":1777018905336,"action":"IDE_ACTIVATED"}
{"ts":1777018911802,"action":"FILE_CLOSED","file":"/src/Providers/AresServiceProvider.php","tags":{"FILE_LINE_OF_CODE":"53"}}
{"ts":1777018911802,"action":"FILE_OPENED","file":"/config/ares.php","tags":{"FILE_LINE_OF_CODE":"11"}}
{"ts":1777018913619,"action":"IDE_DEACTIVATED"}
{"ts":1777018928890,"action":"IDE_ACTIVATED"}
{"ts":1777018934962,"action":"IDE_DEACTIVATED"}
{"ts":1777018936602,"action":"IDE_ACTIVATED"}
{"ts":1777018940235,"action":"FILE_CLOSED","file":"/config/ares.php","tags":{"FILE_LINE_OF_CODE":"34"}}
{"ts":1777018940235,"action":"FILE_OPENED","file":"/src/Contracts/AresClientInterface.php","tags":{"FILE_LINE_OF_CODE":"0"}}
{"ts":1777018944442,"action":"IDE_DEACTIVATED"}
{"ts":1777018946405,"action":"IDE_ACTIVATED"}
{"ts":1777018949743,"action":"IDE_DEACTIVATED"}
{"ts":1777018952199,"action":"IDE_ACTIVATED"}
{"ts":1777018953302,"action":"FILE_CLOSED","file":"/src/Contracts/AresClientInterface.php","tags":{"FILE_LINE_OF_CODE":"13"}}
{"ts":1777018953302,"action":"FILE_OPENED","file":"/src/Data/CompanyData.php","tags":{"FILE_LINE_OF_CODE":"33"}}
{"ts":1777018955196,"action":"IDE_DEACTIVATED"}
{"ts":1777018957889,"action":"IDE_ACTIVATED"}
{"ts":1777018959648,"action":"IDE_DEACTIVATED"}
{"ts":1777018962837,"action":"IDE_ACTIVATED"}
{"ts":1777018968102,"action":"IDE_DEACTIVATED"}
{"ts":1777018972680,"action":"IDE_ACTIVATED"}
{"ts":1777018978538,"action":"FILE_CLOSED","file":"/src/Data/CompanyData.php","tags":{"FILE_LINE_OF_CODE":"33"}}
{"ts":1777018978538,"action":"FILE_OPENED","file":"/src/Services/AresClient.php","tags":{"FILE_LINE_OF_CODE":"101"}}
{"ts":1777018979598,"action":"IDE_DEACTIVATED"}
{"ts":1777018981508,"action":"IDE_ACTIVATED"}
{"ts":1777018987646,"action":"IDE_DEACTIVATED"}
{"ts":1777018994079,"action":"IDE_ACTIVATED"}
{"ts":1777019000135,"action":"FILE_CLOSED","file":"/src/Services/AresClient.php","tags":{"FILE_LINE_OF_CODE":"100"}}
{"ts":1777019000135,"action":"FILE_OPENED","file":"/src/Events/CompanyLookupFailed.php","tags":{"FILE_LINE_OF_CODE":"16"}}
{"ts":1777019000660,"action":"IDE_DEACTIVATED"}
{"ts":1777019002610,"action":"IDE_ACTIVATED"}
{"ts":1777019008266,"action":"IDE_DEACTIVATED"}
{"ts":1777019009959,"action":"IDE_ACTIVATED"}
{"ts":1777019012717,"action":"FILE_CLOSED","file":"/src/Events/CompanyLookupFailed.php","tags":{"FILE_LINE_OF_CODE":"12"}}
{"ts":1777019012717,"action":"FILE_OPENED","file":"/src/Events/CompanyLookupSucceeded.php","tags":{"FILE_LINE_OF_CODE":"12"}}
{"ts":1777019014821,"action":"IDE_DEACTIVATED"}
{"ts":1777019015849,"action":"IDE_ACTIVATED"}
{"ts":1777019019095,"action":"IDE_DEACTIVATED"}
{"ts":1777019031131,"action":"IDE_ACTIVATED"}
{"ts":1777019033645,"action":"IDE_DEACTIVATED"}
{"ts":1777019036567,"action":"IDE_ACTIVATED"}
{"ts":1777019037786,"action":"FILE_CLOSED","file":"/src/Events/CompanyLookupSucceeded.php","tags":{"FILE_LINE_OF_CODE":"12"}}
{"ts":1777019037786,"action":"FILE_OPENED","file":"/src/Events/CompanyLookupFailed.php","tags":{"FILE_LINE_OF_CODE":"12"}}
{"ts":1777019041693,"action":"IDE_DEACTIVATED"}
{"ts":1777019045798,"action":"IDE_ACTIVATED"}
{"ts":1777019047669,"action":"FILE_CLOSED","file":"/src/Events/CompanyLookupFailed.php","tags":{"FILE_LINE_OF_CODE":"16"}}
{"ts":1777019047669,"action":"FILE_OPENED","file":"/src/Facades/Ares.php","tags":{"FILE_LINE_OF_CODE":"20"}}
{"ts":1777019051702,"action":"IDE_DEACTIVATED"}
{"ts":1777019056534,"action":"IDE_ACTIVATED"}
{"ts":1777019057843,"action":"FILE_CLOSED","file":"/src/Facades/Ares.php","tags":{"FILE_LINE_OF_CODE":"20"}}
{"ts":1777019057843,"action":"FILE_OPENED","file":"/src/Commands/TestAresCommand.php","tags":{"FILE_LINE_OF_CODE":"46"}}
{"ts":1777019058363,"action":"IDE_DEACTIVATED"}
{"ts":1777019060044,"action":"IDE_ACTIVATED"}
{"ts":1777019062135,"action":"IDE_DEACTIVATED"}
{"ts":1777019074832,"action":"IDE_ACTIVATED"}
{"ts":1777019076210,"action":"IDE_DEACTIVATED"}
{"ts":1777019077884,"action":"IDE_ACTIVATED"}
{"ts":1777019079969,"action":"FILE_CLOSED","file":"/src/Commands/TestAresCommand.php","tags":{"FILE_LINE_OF_CODE":"38"}}
{"ts":1777019079969,"action":"FILE_OPENED","file":"/src/Contracts/AresClientInterface.php","tags":{"FILE_LINE_OF_CODE":"13"}}
{"ts":1777019081165,"action":"FILE_CLOSED","file":"/src/Contracts/AresClientInterface.php","tags":{"FILE_LINE_OF_CODE":"13"}}
{"ts":1777019081165,"action":"FILE_OPENED","file":"/src/Data/CompanyData.php","tags":{"FILE_LINE_OF_CODE":"33"}}
{"ts":1777019081955,"action":"FILE_CLOSED","file":"/src/Data/CompanyData.php","tags":{"FILE_LINE_OF_CODE":"33"}}
{"ts":1777019081955,"action":"FILE_OPENED","file":"/src/Events/CompanyLookupFailed.php","tags":{"FILE_LINE_OF_CODE":"16"}}
{"ts":1777019082461,"action":"FILE_CLOSED","file":"/src/Events/CompanyLookupFailed.php","tags":{"FILE_LINE_OF_CODE":"16"}}
{"ts":1777019082461,"action":"FILE_OPENED","file":"/src/Events/CompanyLookupSucceeded.php","tags":{"FILE_LINE_OF_CODE":"12"}}
{"ts":1777019083105,"action":"FILE_CLOSED","file":"/src/Events/CompanyLookupSucceeded.php","tags":{"FILE_LINE_OF_CODE":"12"}}
{"ts":1777019083105,"action":"FILE_OPENED","file":"/src/Facades/Ares.php","tags":{"FILE_LINE_OF_CODE":"20"}}
{"ts":1777019090412,"action":"FILE_CLOSED","file":"/src/Facades/Ares.php","tags":{"FILE_LINE_OF_CODE":"20"}}
{"ts":1777019090412,"action":"FILE_OPENED","file":"/src/Contracts/AresClientInterface.php","tags":{"FILE_LINE_OF_CODE":"13"}}
{"ts":1777019092258,"action":"FILE_CLOSED","file":"/src/Contracts/AresClientInterface.php","tags":{"FILE_LINE_OF_CODE":"13"}}
{"ts":1777019092258,"action":"FILE_OPENED","file":"/src/Providers/AresServiceProvider.php","tags":{"FILE_LINE_OF_CODE":"53"}}
{"ts":1777019108994,"action":"FILE_CLOSED","file":"/src/Providers/AresServiceProvider.php","tags":{"FILE_LINE_OF_CODE":"54"}}
{"ts":1777019108994,"action":"FILE_OPENED","file":"/src/Services/AresClient.php","tags":{"FILE_LINE_OF_CODE":"100"}}
{"ts":1777019170014,"action":"FILE_CLOSED","file":"/src/Services/AresClient.php","tags":{"FILE_LINE_OF_CODE":"101"}}
{"ts":1777019170014,"action":"FILE_OPENED","file":"/src/Data/CompanyData.php","tags":{"FILE_LINE_OF_CODE":"33"}}
{"ts":1777019171494,"action":"FILE_CLOSED","file":"/src/Data/CompanyData.php","tags":{"FILE_LINE_OF_CODE":"33"}}
{"ts":1777019171494,"action":"FILE_OPENED","file":"/src/Services/AresClient.php","tags":{"FILE_LINE_OF_CODE":"101"}}
{"ts":1777019196556,"action":"FILE_CLOSED","file":"/src/Services/AresClient.php","tags":{"FILE_LINE_OF_CODE":"101"}}
{"ts":1777019196556,"action":"FILE_OPENED","file":"/src/Providers/AresServiceProvider.php","tags":{"FILE_LINE_OF_CODE":"54"}}
{"ts":1777019197206,"action":"FILE_CLOSED","file":"/src/Providers/AresServiceProvider.php","tags":{"FILE_LINE_OF_CODE":"54"}}
{"ts":1777019197206,"action":"FILE_OPENED","file":"/src/Facades/Ares.php","tags":{"FILE_LINE_OF_CODE":"20"}}
{"ts":1777019214401,"action":"FILE_CLOSED","file":"/src/Facades/Ares.php","tags":{"FILE_LINE_OF_CODE":"20"}}
{"ts":1777019214401,"action":"FILE_OPENED","file":"/example/blade-usage.blade.php","tags":{"FILE_LINE_OF_CODE":"33"}}
{"ts":1777019216811,"action":"FILE_OPENED","file":"/resources/lang/cs/ares.php","tags":{"FILE_LINE_OF_CODE":"33"}}
{"ts":1777019232776,"action":"FILE_CLOSED","file":"/resources/lang/cs/ares.php","tags":{"FILE_LINE_OF_CODE":"33"}}
{"ts":1777019232776,"action":"FILE_OPENED","file":"/src/Commands/TestAresCommand.php","tags":{"FILE_LINE_OF_CODE":"38"}}
{"ts":1777019234725,"action":"FILE_CLOSED","file":"/src/Commands/TestAresCommand.php","tags":{"FILE_LINE_OF_CODE":"38"}}
{"ts":1777019234725,"action":"FILE_OPENED","file":"/resources/lang/en/ares.php","tags":{"FILE_LINE_OF_CODE":"0"}}
{"ts":1777019236095,"action":"FILE_CLOSED","file":"/resources/lang/en/ares.php","tags":{"FILE_LINE_OF_CODE":"0"}}
{"ts":1777019236095,"action":"FILE_OPENED","file":"/resources/lang/cs/ares.php","tags":{"FILE_LINE_OF_CODE":"33"}}
{"ts":1777019236789,"action":"IDE_DEACTIVATED"}
{"ts":1777019244155,"action":"IDE_ACTIVATED"}
{"ts":1777019247907,"action":"IDE_DEACTIVATED"}
{"ts":1777019250012,"action":"IDE_ACTIVATED"}
{"ts":1777019251287,"action":"FILE_CLOSED","file":"/resources/lang/cs/ares.php","tags":{"FILE_LINE_OF_CODE":"9"}}
{"ts":1777019251287,"action":"FILE_OPENED","file":"/resources/lang/en/ares.php","tags":{"FILE_LINE_OF_CODE":"0"}}
{"ts":1777019254475,"action":"FILE_CLOSED","file":"/resources/lang/en/ares.php","tags":{"FILE_LINE_OF_CODE":"9"}}
{"ts":1777019254475,"action":"FILE_OPENED","file":"/src/Commands/TestAresCommand.php","tags":{"FILE_LINE_OF_CODE":"38"}}
{"ts":1777019256444,"action":"FILE_CLOSED","file":"/src/Commands/TestAresCommand.php","tags":{"FILE_LINE_OF_CODE":"38"}}
{"ts":1777019256444,"action":"FILE_OPENED","file":"/src/Events/CompanyLookupSucceeded.php","tags":{"FILE_LINE_OF_CODE":"12"}}
{"ts":1777019262571,"action":"FILE_CLOSED","file":"/src/Events/CompanyLookupSucceeded.php","tags":{"FILE_LINE_OF_CODE":"12"}}
{"ts":1777019262571,"action":"FILE_OPENED","file":"/composer.json","tags":{"FILE_LINE_OF_CODE":"41"}}
{"ts":1777019269464,"action":"IDE_DEACTIVATED"}
{"ts":1777019283530,"action":"IDE_ACTIVATED"}
{"ts":1777019293237,"action":"PROJECT_CLOSED","tags":{"PROJECT_NAME":"laravel-ares"}}
{"ts":1777019384663,"action":"FILE_OPENED","file":"/composer.json","tags":{"FILE_LINE_OF_CODE":"41"}}
{"ts":1777019387912,"action":"PROJECT_OPENED","tags":{"PROJECT_NAME":"laravel-ares"}}
{"ts":1777019487056,"action":"FILE_CLOSED","file":"/composer.json","tags":{"FILE_LINE_OF_CODE":"41"}}
{"ts":1777019487056,"action":"FILE_OPENED","file":"/src/Services/AresClient.php","tags":{"FILE_LINE_OF_CODE":"101"}}
{"ts":1777019536838,"action":"FILE_CLOSED","file":"/src/Services/AresClient.php","tags":{"FILE_LINE_OF_CODE":"101"}}
{"ts":1777019536838,"action":"FILE_OPENED","file":"/composer.json","tags":{"FILE_LINE_OF_CODE":"41"}}
{"ts":1777019565536,"action":"IDE_DEACTIVATED"}
{"ts":1777019565624,"action":"IDE_ACTIVATED"}
{"ts":1777019612835,"action":"IDE_DEACTIVATED"}
{"ts":1777020270882,"action":"IDE_ACTIVATED"}
{"ts":1777020278745,"action":"FILE_CLOSED","file":"/composer.json","tags":{"FILE_LINE_OF_CODE":"56"}}
{"ts":1777020332358,"action":"FILE_OPENED","file":"/README.md","tags":{"FILE_LINE_OF_CODE":"175"}}
{"ts":1777020368122,"action":"FILE_CLOSED","file":"/README.md","tags":{"FILE_LINE_OF_CODE":"175"}}
{"ts":1777020368122,"action":"FILE_OPENED","file":"/tests/Pest.php","tags":{"FILE_LINE_OF_CODE":"8"}}
{"ts":1777020373748,"action":"FILE_CLOSED","file":"/tests/Pest.php","tags":{"FILE_LINE_OF_CODE":"8"}}
{"ts":1777020373748,"action":"FILE_OPENED","file":"/tests/Unit/CompanyDataTest.php","tags":{"FILE_LINE_OF_CODE":"36"}}
{"ts":1777020380970,"action":"FILE_CLOSED","file":"/tests/Unit/CompanyDataTest.php","tags":{"FILE_LINE_OF_CODE":"36"}}
{"ts":1777020380970,"action":"FILE_OPENED","file":"/tests/Feature/AresClientTest.php","tags":{"FILE_LINE_OF_CODE":"100"}}
{"ts":1777020419518,"action":"FILE_CLOSED","file":"/tests/Feature/AresClientTest.php","tags":{"FILE_LINE_OF_CODE":"100"}}
{"ts":1777020419518,"action":"FILE_OPENED","file":"/src/Services/AresClient.php","tags":{"FILE_LINE_OF_CODE":"114"}}
{"ts":1777020421766,"action":"FILE_CLOSED","file":"/src/Services/AresClient.php","tags":{"FILE_LINE_OF_CODE":"114"}}
{"ts":1777020421766,"action":"FILE_OPENED","file":"/src/Commands/TestAresCommand.php","tags":{"FILE_LINE_OF_CODE":"41"}}
{"ts":1777020442659,"action":"FILE_CLOSED","file":"/src/Commands/TestAresCommand.php","tags":{"FILE_LINE_OF_CODE":"41"}}
{"ts":1777020442659,"action":"FILE_OPENED","file":"/src/Contracts/AresClientInterface.php","tags":{"FILE_LINE_OF_CODE":"15"}}
{"ts":1777020444334,"action":"FILE_CLOSED","file":"/src/Contracts/AresClientInterface.php","tags":{"FILE_LINE_OF_CODE":"15"}}
{"ts":1777020444334,"action":"FILE_OPENED","file":"/src/Data/CompanyData.php","tags":{"FILE_LINE_OF_CODE":"34"}}
{"ts":1777020445520,"action":"FILE_CLOSED","file":"/src/Data/CompanyData.php","tags":{"FILE_LINE_OF_CODE":"34"}}
{"ts":1777020445520,"action":"FILE_OPENED","file":"/resources/lang/cs/ares.php","tags":{"FILE_LINE_OF_CODE":"10"}}
{"ts":1777020457495,"action":"FILE_CLOSED","file":"/resources/lang/cs/ares.php","tags":{"FILE_LINE_OF_CODE":"10"}}
{"ts":1777020457495,"action":"FILE_OPENED","file":"/resources/lang/en/ares.php","tags":{"FILE_LINE_OF_CODE":"10"}}
{"ts":1777020463463,"action":"FILE_CLOSED","file":"/resources/lang/en/ares.php","tags":{"FILE_LINE_OF_CODE":"10"}}
{"ts":1777020463463,"action":"FILE_OPENED","file":"/resources/lang/cs/ares.php","tags":{"FILE_LINE_OF_CODE":"10"}}
{"ts":1777020470814,"action":"FILE_CLOSED","file":"/resources/lang/cs/ares.php","tags":{"FILE_LINE_OF_CODE":"10"}}
{"ts":1777020470814,"action":"FILE_OPENED","file":"/src/Commands/TestAresCommand.php","tags":{"FILE_LINE_OF_CODE":"41"}}
{"ts":1777020475221,"action":"FILE_CLOSED","file":"/src/Commands/TestAresCommand.php","tags":{"FILE_LINE_OF_CODE":"41"}}
{"ts":1777020475221,"action":"FILE_OPENED","file":"/src/Providers/AresServiceProvider.php","tags":{"FILE_LINE_OF_CODE":"61"}}
{"ts":1777020533935,"action":"IDE_DEACTIVATED"}
{"ts":1777020640646,"action":"IDE_ACTIVATED"}
{"ts":1777020667642,"action":"IDE_DEACTIVATED"}
{"ts":1777020669050,"action":"IDE_ACTIVATED"}
{"ts":1777020670702,"action":"IDE_DEACTIVATED"}
{"ts":1777020673142,"action":"IDE_ACTIVATED"}
{"ts":1777020675969,"action":"IDE_DEACTIVATED"}
{"ts":1777020677239,"action":"IDE_ACTIVATED"}
{"ts":1777020736932,"action":"IDE_DEACTIVATED"}
{"ts":1777020866482,"action":"IDE_ACTIVATED"}
{"ts":1777020869630,"action":"FILE_CLOSED","file":"/src/Providers/AresServiceProvider.php","tags":{"FILE_LINE_OF_CODE":"63"}}
{"ts":1777020902352,"action":"FILE_OPENED","file":"/tests/Pest.php","tags":{"FILE_LINE_OF_CODE":"8"}}
{"ts":1777020903836,"action":"FILE_CLOSED","file":"/tests/Pest.php","tags":{"FILE_LINE_OF_CODE":"8"}}
{"ts":1777020903836,"action":"FILE_OPENED","file":"/resources/lang/en/ares.php","tags":{"FILE_LINE_OF_CODE":"10"}}
{"ts":1777020904961,"action":"FILE_CLOSED","file":"/resources/lang/en/ares.php","tags":{"FILE_LINE_OF_CODE":"10"}}
{"ts":1777020904961,"action":"FILE_OPENED","file":"/resources/lang/cs/ares.php","tags":{"FILE_LINE_OF_CODE":"10"}}
{"ts":1777020908392,"action":"FILE_CLOSED","file":"/resources/lang/cs/ares.php","tags":{"FILE_LINE_OF_CODE":"10"}}
{"ts":1777020908392,"action":"FILE_OPENED","file":"/src/Commands/TestAresCommand.php","tags":{"FILE_LINE_OF_CODE":"47"}}
{"ts":1777020933493,"action":"FILE_CLOSED","file":"/src/Commands/TestAresCommand.php","tags":{"FILE_LINE_OF_CODE":"47"}}
{"ts":1777020943119,"action":"IDE_DEACTIVATED"}
{"ts":1777020944410,"action":"IDE_ACTIVATED"}
{"ts":1777020950020,"action":"FILE_OPENED","file":"/composer.json","tags":{"FILE_LINE_OF_CODE":"56"}}
{"ts":1777020961763,"action":"FILE_CLOSED","file":"/composer.json","tags":{"FILE_LINE_OF_CODE":"56"}}
{"ts":1777020961763,"action":"FILE_OPENED","file":"/src/Facades/Ares.php","tags":{"FILE_LINE_OF_CODE":"21"}}
{"ts":1777021032651,"action":"IDE_DEACTIVATED"}
{"ts":1777021267247,"action":"IDE_ACTIVATED"}
{"ts":1777021271933,"action":"FILE_CLOSED","file":"/src/Facades/Ares.php","tags":{"FILE_LINE_OF_CODE":"27"}}
{"ts":1777021332150,"action":"IDE_DEACTIVATED"}
{"ts":1777021859583,"action":"IDE_ACTIVATED"}
{"ts":1777021930823,"action":"IDE_DEACTIVATED"}
{"ts":1777021968339,"action":"IDE_ACTIVATED"}
{"ts":1777022056835,"action":"IDE_DEACTIVATED"}
{"ts":1777022165233,"action":"IDE_ACTIVATED"}
{"ts":1777022201040,"action":"FILE_OPENED","file":"/src/Facades/Ares.php","tags":{"FILE_LINE_OF_CODE":"27"}}
{"ts":1777022240302,"action":"IDE_DEACTIVATED"}
{"ts":1777022495899,"action":"IDE_ACTIVATED"}
{"ts":1777022501167,"action":"FILE_CLOSED","file":"/src/Facades/Ares.php","tags":{"FILE_LINE_OF_CODE":"27"}}
{"ts":1777022501167,"action":"FILE_OPENED","file":"/src/Data/AddressData.php","tags":{"FILE_LINE_OF_CODE":"138"}}
{"ts":1777022502238,"action":"FILE_CLOSED","file":"/src/Data/AddressData.php","tags":{"FILE_LINE_OF_CODE":"138"}}
{"ts":1777022502238,"action":"FILE_OPENED","file":"/src/Data/CompanyData.php","tags":{"FILE_LINE_OF_CODE":"75"}}
{"ts":1777022514264,"action":"FILE_CLOSED","file":"/src/Data/CompanyData.php","tags":{"FILE_LINE_OF_CODE":"75"}}
{"ts":1777022514264,"action":"FILE_OPENED","file":"/src/Data/DeliveryAddressData.php","tags":{"FILE_LINE_OF_CODE":"49"}}
{"ts":1777022518905,"action":"FILE_CLOSED","file":"/src/Data/DeliveryAddressData.php","tags":{"FILE_LINE_OF_CODE":"49"}}
{"ts":1777022518905,"action":"FILE_OPENED","file":"/src/Data/AddressData.php","tags":{"FILE_LINE_OF_CODE":"138"}}
{"ts":1777022524333,"action":"FILE_CLOSED","file":"/src/Data/AddressData.php","tags":{"FILE_LINE_OF_CODE":"138"}}
{"ts":1777022524333,"action":"FILE_OPENED","file":"/phpstan.neon.dist","tags":{"FILE_LINE_OF_CODE":"19"}}
{"ts":1777022558823,"action":"IDE_DEACTIVATED"}
{"ts":1777022578297,"action":"IDE_ACTIVATED"}
{"ts":1777022595706,"action":"IDE_DEACTIVATED"}
{"ts":1777022643025,"action":"IDE_ACTIVATED"}
{"ts":1777022694803,"action":"IDE_DEACTIVATED"}
{"ts":1777022798895,"action":"IDE_ACTIVATED"}
{"ts":1777023046053,"action":"IDE_DEACTIVATED"}
{"ts":1777023264942,"action":"IDE_ACTIVATED"}
{"ts":1777023305628,"action":"FILE_OPENED","file":"/src/Facades/Ares.php","tags":{"FILE_LINE_OF_CODE":"27"}}
{"ts":1777023576283,"action":"IDE_DEACTIVATED"}
{"ts":1777023576357,"action":"IDE_ACTIVATED"}
{"ts":1777023600030,"action":"FILE_CLOSED","file":"/src/Facades/Ares.php","tags":{"FILE_LINE_OF_CODE":"27"}}
{"ts":1777023600030,"action":"FILE_OPENED","file":"/composer.json","tags":{"FILE_LINE_OF_CODE":"61"}}
{"ts":1777023637317,"action":"IDE_DEACTIVATED"}
{"ts":1777023650285,"action":"IDE_ACTIVATED"}
{"ts":1777023656612,"action":"IDE_DEACTIVATED"}
{"ts":1777023660580,"action":"IDE_ACTIVATED"}
{"ts":1777023666262,"action":"IDE_DEACTIVATED"}
{"ts":1777023667798,"action":"IDE_ACTIVATED"}
{"ts":1777023699997,"action":"FILE_CLOSED","file":"/composer.json","tags":{"FILE_LINE_OF_CODE":"61"}}
{"ts":1777023705701,"action":"FILE_OPENED","file":"/composer.json","tags":{"FILE_LINE_OF_CODE":"61"}}
{"ts":1777023780977,"action":"IDE_DEACTIVATED"}
{"ts":1777023783317,"action":"IDE_ACTIVATED"}
{"ts":1777023789748,"action":"IDE_DEACTIVATED"}
{"ts":1777023789826,"action":"IDE_ACTIVATED"}
{"ts":1777023813462,"action":"FILE_CLOSED","file":"/composer.json","tags":{"FILE_LINE_OF_CODE":"61"}}
{"ts":1777023813462,"action":"FILE_OPENED","file":"/phpstan.neon.dist","tags":{"FILE_LINE_OF_CODE":"13"}}
{"ts":1777023825527,"action":"FILE_CLOSED","file":"/phpstan.neon.dist","tags":{"FILE_LINE_OF_CODE":"13"}}
{"ts":1777023825527,"action":"FILE_OPENED","file":"/.phpstan/resultCache.php","tags":{"FILE_LINE_OF_CODE":"4584"}}
{"ts":1777023830247,"action":"FILE_CLOSED","file":"/.phpstan/resultCache.php","tags":{"FILE_LINE_OF_CODE":"4584"}}
{"ts":1777023830247,"action":"FILE_OPENED","file":"/resources/lang/en/ares.php","tags":{"FILE_LINE_OF_CODE":"10"}}
{"ts":1777023832022,"action":"FILE_CLOSED","file":"/resources/lang/en/ares.php","tags":{"FILE_LINE_OF_CODE":"10"}}
{"ts":1777023832022,"action":"FILE_OPENED","file":"/src/Commands/TestAresCommand.php","tags":{"FILE_LINE_OF_CODE":"54"}}
{"ts":1777023833639,"action":"FILE_CLOSED","file":"/src/Commands/TestAresCommand.php","tags":{"FILE_LINE_OF_CODE":"54"}}
{"ts":1777023833639,"action":"FILE_OPENED","file":"/src/Contracts/AresClientInterface.php","tags":{"FILE_LINE_OF_CODE":"26"}}
{"ts":1777023834669,"action":"FILE_CLOSED","file":"/src/Contracts/AresClientInterface.php","tags":{"FILE_LINE_OF_CODE":"26"}}
{"ts":1777023834669,"action":"FILE_OPENED","file":"/src/Data/AddressData.php","tags":{"FILE_LINE_OF_CODE":"139"}}
{"ts":1777023835307,"action":"FILE_CLOSED","file":"/src/Data/AddressData.php","tags":{"FILE_LINE_OF_CODE":"139"}}
{"ts":1777023835307,"action":"FILE_OPENED","file":"/src/Contracts/AresClientInterface.php","tags":{"FILE_LINE_OF_CODE":"26"}}
{"ts":1777023836084,"action":"FILE_CLOSED","file":"/src/Contracts/AresClientInterface.php","tags":{"FILE_LINE_OF_CODE":"26"}}
{"ts":1777023836084,"action":"FILE_OPENED","file":"/src/Commands/TestAresCommand.php","tags":{"FILE_LINE_OF_CODE":"54"}}
{"ts":1777023837237,"action":"FILE_CLOSED","file":"/src/Commands/TestAresCommand.php","tags":{"FILE_LINE_OF_CODE":"54"}}
{"ts":1777023837237,"action":"FILE_OPENED","file":"/src/Contracts/AresClientInterface.php","tags":{"FILE_LINE_OF_CODE":"26"}}
{"ts":1777023837800,"action":"FILE_CLOSED","file":"/src/Contracts/AresClientInterface.php","tags":{"FILE_LINE_OF_CODE":"26"}}
{"ts":1777023837800,"action":"FILE_OPENED","file":"/src/Data/AddressData.php","tags":{"FILE_LINE_OF_CODE":"139"}}
{"ts":1777023846277,"action":"FILE_CLOSED","file":"/src/Data/AddressData.php","tags":{"FILE_LINE_OF_CODE":"139"}}
{"ts":1777023846278,"action":"FILE_OPENED","file":"/src/Enums/RegistrationSourceState.php","tags":{"FILE_LINE_OF_CODE":"18"}}
{"ts":1777023847379,"action":"FILE_CLOSED","file":"/src/Enums/RegistrationSourceState.php","tags":{"FILE_LINE_OF_CODE":"18"}}
{"ts":1777023847379,"action":"FILE_OPENED","file":"/src/Events/CompanyLookupFailed.php","tags":{"FILE_LINE_OF_CODE":"17"}}
{"ts":1777023847694,"action":"FILE_CLOSED","file":"/src/Events/CompanyLookupFailed.php","tags":{"FILE_LINE_OF_CODE":"17"}}
{"ts":1777023847694,"action":"FILE_OPENED","file":"/src/Events/CompanyLookupSucceeded.php","tags":{"FILE_LINE_OF_CODE":"13"}}
{"ts":1777023848765,"action":"FILE_CLOSED","file":"/src/Events/CompanyLookupSucceeded.php","tags":{"FILE_LINE_OF_CODE":"13"}}
{"ts":1777023848765,"action":"FILE_OPENED","file":"/src/Exceptions/CompanyNotFoundException.php","tags":{"FILE_LINE_OF_CODE":"16"}}
{"ts":1777023849079,"action":"FILE_CLOSED","file":"/src/Exceptions/CompanyNotFoundException.php","tags":{"FILE_LINE_OF_CODE":"16"}}
{"ts":1777023849079,"action":"FILE_OPENED","file":"/src/Exceptions/InvalidApiResponseException.php","tags":{"FILE_LINE_OF_CODE":"21"}}
{"ts":1777023849314,"action":"FILE_CLOSED","file":"/src/Exceptions/InvalidApiResponseException.php","tags":{"FILE_LINE_OF_CODE":"21"}}
{"ts":1777023849314,"action":"FILE_OPENED","file":"/src/Exceptions/InvalidIcException.php","tags":{"FILE_LINE_OF_CODE":"16"}}
{"ts":1777023850081,"action":"FILE_CLOSED","file":"/src/Exceptions/InvalidIcException.php","tags":{"FILE_LINE_OF_CODE":"16"}}
{"ts":1777023850081,"action":"FILE_OPENED","file":"/src/Facades/Ares.php","tags":{"FILE_LINE_OF_CODE":"27"}}
{"ts":1777023850796,"action":"FILE_CLOSED","file":"/src/Facades/Ares.php","tags":{"FILE_LINE_OF_CODE":"27"}}
{"ts":1777023850796,"action":"FILE_OPENED","file":"/src/Providers/AresServiceProvider.php","tags":{"FILE_LINE_OF_CODE":"84"}}
{"ts":1777023852737,"action":"FILE_CLOSED","file":"/src/Providers/AresServiceProvider.php","tags":{"FILE_LINE_OF_CODE":"84"}}
{"ts":1777023852737,"action":"FILE_OPENED","file":"/src/Exceptions/InvalidIcException.php","tags":{"FILE_LINE_OF_CODE":"16"}}
{"ts":1777023860757,"action":"FILE_CLOSED","file":"/src/Exceptions/InvalidIcException.php","tags":{"FILE_LINE_OF_CODE":"16"}}
{"ts":1777023860757,"action":"FILE_OPENED","file":"/tests/Feature/AresClientTest.php","tags":{"FILE_LINE_OF_CODE":"244"}}
{"ts":1777023861028,"action":"FILE_CLOSED","file":"/tests/Feature/AresClientTest.php","tags":{"FILE_LINE_OF_CODE":"244"}}
{"ts":1777023861028,"action":"FILE_OPENED","file":"/tests/Feature/TestAresCommandTest.php","tags":{"FILE_LINE_OF_CODE":"140"}}
{"ts":1777023861371,"action":"FILE_CLOSED","file":"/tests/Feature/TestAresCommandTest.php","tags":{"FILE_LINE_OF_CODE":"140"}}
{"ts":1777023861371,"action":"FILE_OPENED","file":"/tests/Pest.php","tags":{"FILE_LINE_OF_CODE":"8"}}
{"ts":1777023862214,"action":"FILE_CLOSED","file":"/tests/Pest.php","tags":{"FILE_LINE_OF_CODE":"8"}}
{"ts":1777023862214,"action":"FILE_OPENED","file":"/tests/Unit/CompanyDataTest.php","tags":{"FILE_LINE_OF_CODE":"116"}}
{"ts":1777023879329,"action":"FILE_CLOSED","file":"/tests/Unit/CompanyDataTest.php","tags":{"FILE_LINE_OF_CODE":"116"}}
{"ts":1777023879329,"action":"FILE_OPENED","file":"/README.md","tags":{"FILE_LINE_OF_CODE":"177"}}
{"ts":1777023893214,"action":"IDE_DEACTIVATED"}
{"ts":1777023893283,"action":"IDE_ACTIVATED"}
{"ts":1777023912506,"action":"IDE_DEACTIVATED"}
{"ts":1777023959432,"action":"IDE_ACTIVATED"}
{"ts":1777023964248,"action":"IDE_DEACTIVATED"}
{"ts":1777023977962,"action":"IDE_ACTIVATED"}
{"ts":1777023990966,"action":"IDE_DEACTIVATED"}
{"ts":1777024003962,"action":"IDE_ACTIVATED"}
{"ts":1777024031574,"action":"IDE_DEACTIVATED"}
{"ts":1777024031653,"action":"IDE_ACTIVATED"}
{"ts":1777024244369,"action":"IDE_DEACTIVATED"}
{"ts":1777024244737,"action":"IDE_ACTIVATED"}
{"ts":1777024281303,"action":"FILE_CLOSED","file":"/README.md","tags":{"FILE_LINE_OF_CODE":"177"}}
{"ts":1777024281303,"action":"FILE_OPENED","file":"/tests/Unit/ServiceProviderTest.php","tags":{"FILE_LINE_OF_CODE":"12"}}
{"ts":1777024281827,"action":"FILE_CLOSED","file":"/tests/Unit/ServiceProviderTest.php","tags":{"FILE_LINE_OF_CODE":"12"}}
{"ts":1777024281827,"action":"FILE_OPENED","file":"/tests/Unit/CompanyDataTest.php","tags":{"FILE_LINE_OF_CODE":"116"}}
{"ts":1777024292789,"action":"FILE_CLOSED","file":"/tests/Unit/CompanyDataTest.php","tags":{"FILE_LINE_OF_CODE":"116"}}
{"ts":1777024292789,"action":"FILE_OPENED","file":"/.github/workflows/ci.yml","tags":{"FILE_LINE_OF_CODE":"88"}}
